<?xml version="1.0" encoding="UTF-8"?>
<!-- Generated by org.testng.reporters.JUnitReportReporter -->
<testsuite hostname="God-of-Mischeif" failures="0" tests="1" name="com.LUMA.testRunner.LumaAddingMultipleProductsTestRunner" time="105.423" errors="0" timestamp="2025-03-22T17:35:21 IST" skipped="0">
  <testcase classname="com.LUMA.testRunner.LumaAddingMultipleProductsTestRunner" name="runScenario" time="105.423"/>
</testsuite> <!-- com.LUMA.testRunner.LumaAddingMultipleProductsTestRunner -->
