<?xml version="1.0" encoding="UTF-8"?>
<!-- Generated by org.testng.reporters.JUnitReportReporter -->
<testsuite hostname="sowmya" failures="0" tests="5" name="com.LUMA.testRunner.LumaUserRegestrationTestRunner" time="566.912" errors="0" timestamp="2025-03-25T14:22:53 IST" skipped="0">
  <testcase classname="com.LUMA.testRunner.LumaUserRegestrationTestRunner" name="runScenario" time="60.257"/>
  <testcase classname="com.LUMA.testRunner.LumaUserRegestrationTestRunner" name="runScenario" time="120.784"/>
  <testcase classname="com.LUMA.testRunner.LumaUserRegestrationTestRunner" name="runScenario" time="136.283"/>
  <testcase classname="com.LUMA.testRunner.LumaUserRegestrationTestRunner" name="runScenario" time="89.206"/>
  <testcase classname="com.LUMA.testRunner.LumaUserRegestrationTestRunner" name="runScenario" time="160.382"/>
</testsuite> <!-- com.LUMA.testRunner.LumaUserRegestrationTestRunner -->
