<?xml version="1.0" encoding="UTF-8"?>
<!-- Generated by org.testng.reporters.JUnitReportReporter -->
<testsuite hostname="God-of-Mischeif" failures="0" tests="5" name="com.LUMA.testRunner.LumaUserRegestrationTestRunner" time="313.858" errors="0" timestamp="2025-03-22T18:18:41 IST" skipped="0">
  <testcase classname="com.LUMA.testRunner.LumaUserRegestrationTestRunner" name="runScenario" time="86.948"/>
  <testcase classname="com.LUMA.testRunner.LumaUserRegestrationTestRunner" name="runScenario" time="27.964"/>
  <testcase classname="com.LUMA.testRunner.LumaUserRegestrationTestRunner" name="runScenario" time="53.442"/>
  <testcase classname="com.LUMA.testRunner.LumaUserRegestrationTestRunner" name="runScenario" time="83.184"/>
  <testcase classname="com.LUMA.testRunner.LumaUserRegestrationTestRunner" name="runScenario" time="62.320"/>
</testsuite> <!-- com.LUMA.testRunner.LumaUserRegestrationTestRunner -->
